game/android/app/build/intermediates/manifest_merge_blame_file/debug/manifest-merger-blame-debug-report.txt
1<?xml version="1.0" encoding="utf-8"?>
2<manifest xmlns:android="http://schemas.android.com/apk/res/android"
3    package="com.verdadomito"
4    android:versionCode="1"
5    android:versionName="1.0" >
6
7    <uses-sdk
8        android:minSdkVersion="21"
9        android:targetSdkVersion="33" />
10
11    <uses-permission android:name="android.permission.SYSTEM_ALERT_WINDOW" />
11-->src/main/AndroidManifest.xml:11:1-73
11-->src/main/AndroidManifest.xml:11:18-71
12    <uses-permission android:name="android.permission.INTERNET" />
12-->src/main/AndroidManifest.xml:3:5-67
12-->src/main/AndroidManifest.xml:3:22-64
13    <uses-permission android:name="android.permission.RECORD_AUDIO" />
13-->src/main/AndroidManifest.xml:4:5-71
13-->src/main/AndroidManifest.xml:4:22-68
14    <uses-permission android:name="android.permission.CAMERA" />
14-->src/main/AndroidManifest.xml:5:7-67
14-->src/main/AndroidManifest.xml:5:24-64
15    <uses-permission android:name="android.permission.READ_MEDIA_IMAGES" />
15-->src/main/AndroidManifest.xml:6:7-77
15-->src/main/AndroidManifest.xml:6:24-75
16    <uses-permission android:name="android.permission.READ_MEDIA_VIDEO" />
16-->src/main/AndroidManifest.xml:7:1-70
16-->src/main/AndroidManifest.xml:7:18-68
17    <uses-permission android:name="android.permission.READ_EXTERNAL_STORAGE" />
17-->src/main/AndroidManifest.xml:8:9-84
17-->src/main/AndroidManifest.xml:8:26-81
18    <uses-permission android:name="android.permission.WRITE_EXTERNAL_STORAGE" />
18-->src/main/AndroidManifest.xml:9:3-79
18-->src/main/AndroidManifest.xml:9:20-76
19    <uses-permission android:name="android.permission.MODIFY_AUDIO_SETTINGS" />
19-->src/main/AndroidManifest.xml:10:1-76
19-->src/main/AndroidManifest.xml:10:18-73
20    <uses-permission android:name="android.permission.ACCESS_NETWORK_STATE" />
20-->src/main/AndroidManifest.xml:12:7-80
20-->src/main/AndroidManifest.xml:12:24-78
21    <uses-permission android:name="android.permission.ACCESS_WIFI_STATE" />
21-->[com.facebook.flipper:flipper:0.125.0] AndroidManifest.xml:16:5-76
21-->[com.facebook.flipper:flipper:0.125.0] AndroidManifest.xml:16:22-73
22    <uses-permission android:name="android.permission.WAKE_LOCK" />
22-->[:react-native-firebase_auth] AndroidManifest.xml:10:5-68
22-->[:react-native-firebase_auth] AndroidManifest.xml:10:22-65
23    <uses-permission android:name="android.permission.BLUETOOTH" />
23-->[:react-native-agora] AndroidManifest.xml:15:5-68
23-->[:react-native-agora] AndroidManifest.xml:15:22-65
24
25    <queries>
25-->[:react-native-auth0] AndroidManifest.xml:14:5-22:15
26        <intent>
26-->[:react-native-auth0] AndroidManifest.xml:15:9-21:18
27            <action android:name="android.intent.action.VIEW" />
27-->src/main/AndroidManifest.xml:39:5-57
27-->src/main/AndroidManifest.xml:39:13-54
28
29            <category android:name="android.intent.category.BROWSABLE" />
29-->src/main/AndroidManifest.xml:42:5-66
29-->src/main/AndroidManifest.xml:42:15-63
30
31            <data android:scheme="https" />
31-->src/main/AndroidManifest.xml:44:5-134
31-->src/main/AndroidManifest.xml:44:11-43
32        </intent>
33        <!-- End of browser content -->
34        <!-- For CustomTabsService -->
35        <intent>
35-->[com.google.android.gms:play-services-ads-lite:21.4.0] AndroidManifest.xml:41:9-43:18
36            <action android:name="android.support.customtabs.action.CustomTabsService" />
36-->[com.google.android.gms:play-services-ads-lite:21.4.0] AndroidManifest.xml:42:13-90
36-->[com.google.android.gms:play-services-ads-lite:21.4.0] AndroidManifest.xml:42:21-87
37        </intent>
38
39        <package android:name="com.facebook.katana" />
39-->[com.facebook.android:audience-network-sdk:6.8.0] AndroidManifest.xml:12:9-55
39-->[com.facebook.android:audience-network-sdk:6.8.0] AndroidManifest.xml:12:18-52
40    </queries>
41
42    <uses-permission android:name="com.google.android.gms.permission.AD_ID" />
42-->[com.google.android.gms:play-services-ads-lite:21.4.0] AndroidManifest.xml:26:5-79
42-->[com.google.android.gms:play-services-ads-lite:21.4.0] AndroidManifest.xml:26:22-76
43    <uses-permission android:name="android.permission.RECEIVE_BOOT_COMPLETED" />
43-->[androidx.work:work-runtime:2.7.0] AndroidManifest.xml:27:5-81
43-->[androidx.work:work-runtime:2.7.0] AndroidManifest.xml:27:22-78
44    <uses-permission android:name="android.permission.FOREGROUND_SERVICE" />
44-->[androidx.work:work-runtime:2.7.0] AndroidManifest.xml:28:5-77
44-->[androidx.work:work-runtime:2.7.0] AndroidManifest.xml:28:22-74
45    <uses-permission android:name="android.permission.POST_NOTIFICATIONS" /> <!-- Required by older versions of Google Play services to create IID tokens -->
45-->[com.google.firebase:firebase-messaging:23.1.1] AndroidManifest.xml:25:5-77
45-->[com.google.firebase:firebase-messaging:23.1.1] AndroidManifest.xml:25:22-74
46    <uses-permission android:name="com.google.android.c2dm.permission.RECEIVE" />
46-->[com.google.firebase:firebase-messaging:23.1.1] AndroidManifest.xml:28:5-82
46-->[com.google.firebase:firebase-messaging:23.1.1] AndroidManifest.xml:28:22-79
47
48    <application
48-->src/main/AndroidManifest.xml:14:5-48:19
49        android:name="com.verdadomito.MainApplication"
49-->src/main/AndroidManifest.xml:16:7-38
50        android:allowBackup="false"
50-->src/main/AndroidManifest.xml:20:7-34
51        android:appComponentFactory="androidx.core.app.CoreComponentFactory"
51-->[androidx.core:core:1.7.0] AndroidManifest.xml:24:18-86
52        android:debuggable="true"
53        android:icon="@mipmap/ic_launcher"
53-->src/main/AndroidManifest.xml:18:7-41
54        android:label="@string/app_name"
54-->src/main/AndroidManifest.xml:17:7-39
55        android:requestLegacyExternalStorage="true"
55-->src/main/AndroidManifest.xml:15:5-48
56        android:roundIcon="@mipmap/ic_launcher_round"
56-->src/main/AndroidManifest.xml:19:7-52
57        android:theme="@style/AppTheme"
57-->src/main/AndroidManifest.xml:21:7-38
58        android:usesCleartextTraffic="true" >
58-->src/debug/AndroidManifest.xml:8:9-44
59        <activity
59-->src/debug/AndroidManifest.xml:11:9-111
60            android:name="com.facebook.react.devsupport.DevSettingsActivity"
60-->src/debug/AndroidManifest.xml:11:19-83
61            android:exported="false" />
61-->src/debug/AndroidManifest.xml:11:84-108
62
63        <meta-data
63-->src/main/AndroidManifest.xml:22:7-25:65
64            android:name="com.google.android.gms.ads.APPLICATION_ID"
64-->src/main/AndroidManifest.xml:23:9-65
65            android:value="ca-app-pub-1460570234418559~3971412136" />
65-->src/main/AndroidManifest.xml:25:9-63
66
67        <activity
67-->src/main/AndroidManifest.xml:26:7-47:18
68            android:name="com.verdadomito.MainActivity"
68-->src/main/AndroidManifest.xml:27:9-37
69            android:configChanges="keyboard|keyboardHidden|orientation|screenLayout|screenSize|smallestScreenSize|uiMode"
69-->src/main/AndroidManifest.xml:29:9-118
70            android:exported="true"
70-->src/main/AndroidManifest.xml:32:9-32
71            android:label="@string/app_name"
71-->src/main/AndroidManifest.xml:28:9-41
72            android:launchMode="singleTask"
72-->src/main/AndroidManifest.xml:30:9-40
73            android:windowSoftInputMode="adjustResize" >
73-->src/main/AndroidManifest.xml:31:9-51
74            <intent-filter>
74-->src/main/AndroidManifest.xml:34:9-37:25
75                <action android:name="android.intent.action.MAIN" />
75-->src/main/AndroidManifest.xml:35:13-65
75-->src/main/AndroidManifest.xml:35:21-62
76
77                <category android:name="android.intent.category.LAUNCHER" />
77-->src/main/AndroidManifest.xml:36:13-73
77-->src/main/AndroidManifest.xml:36:23-70
78            </intent-filter>
79            <intent-filter>
79-->src/main/AndroidManifest.xml:38:9-45:17
80                <action android:name="android.intent.action.VIEW" />
80-->src/main/AndroidManifest.xml:39:5-57
80-->src/main/AndroidManifest.xml:39:13-54
81
82                <category android:name="android.intent.category.DEFAULT" />
82-->src/main/AndroidManifest.xml:41:5-64
82-->src/main/AndroidManifest.xml:41:15-61
83                <category android:name="android.intent.category.BROWSABLE" />
83-->src/main/AndroidManifest.xml:42:5-66
83-->src/main/AndroidManifest.xml:42:15-63
84
85                <data
85-->src/main/AndroidManifest.xml:44:5-134
86                    android:host="verdadmito.us.auth0.com"
86-->src/main/AndroidManifest.xml:44:44-82
87                    android:path="/android/com.verdadomito/callback"
87-->src/main/AndroidManifest.xml:44:83-131
88                    android:scheme="com.verdadomito" />
88-->src/main/AndroidManifest.xml:44:11-43
89            </intent-filter>
90        </activity>
91
92        <service
92-->[:react-native-firebase_messaging] AndroidManifest.xml:14:9-16:40
93            android:name="io.invertase.firebase.messaging.ReactNativeFirebaseMessagingHeadlessService"
93-->[:react-native-firebase_messaging] AndroidManifest.xml:15:13-103
94            android:exported="false" />
94-->[:react-native-firebase_messaging] AndroidManifest.xml:16:13-37
95        <service
95-->[:react-native-firebase_messaging] AndroidManifest.xml:17:9-23:19
96            android:name="io.invertase.firebase.messaging.ReactNativeFirebaseMessagingService"
96-->[:react-native-firebase_messaging] AndroidManifest.xml:18:13-95
97            android:exported="false" >
97-->[:react-native-firebase_messaging] AndroidManifest.xml:19:13-37
98            <intent-filter>
98-->[:react-native-firebase_messaging] AndroidManifest.xml:20:13-22:29
99                <action android:name="com.google.firebase.MESSAGING_EVENT" />
99-->[:react-native-firebase_messaging] AndroidManifest.xml:21:17-78
99-->[:react-native-firebase_messaging] AndroidManifest.xml:21:25-75
100            </intent-filter>
101        </service>
102
103        <receiver
103-->[:react-native-firebase_messaging] AndroidManifest.xml:25:9-32:20
104            android:name="io.invertase.firebase.messaging.ReactNativeFirebaseMessagingReceiver"
104-->[:react-native-firebase_messaging] AndroidManifest.xml:26:13-96
105            android:exported="true"
105-->[:react-native-firebase_messaging] AndroidManifest.xml:27:13-36
106            android:permission="com.google.android.c2dm.permission.SEND" >
106-->[:react-native-firebase_messaging] AndroidManifest.xml:28:13-73
107            <intent-filter>
107-->[:react-native-firebase_messaging] AndroidManifest.xml:29:13-31:29
108                <action android:name="com.google.android.c2dm.intent.RECEIVE" />
108-->[:react-native-firebase_messaging] AndroidManifest.xml:30:17-81
108-->[:react-native-firebase_messaging] AndroidManifest.xml:30:25-78
109            </intent-filter>
110        </receiver>
111
112        <meta-data
112-->[:react-native-firebase_messaging] AndroidManifest.xml:34:9-36:36
113            android:name="firebase_messaging_auto_init_enabled"
113-->[:react-native-firebase_messaging] AndroidManifest.xml:35:13-64
114            android:value="true" />
114-->[:react-native-firebase_messaging] AndroidManifest.xml:36:13-33
115        <meta-data
115-->[:react-native-firebase_messaging] AndroidManifest.xml:37:9-39:32
116            android:name="com.google.firebase.messaging.default_notification_channel_id"
116-->[:react-native-firebase_messaging] AndroidManifest.xml:38:13-89
117            android:value="" />
117-->[:react-native-firebase_messaging] AndroidManifest.xml:39:13-29
118        <meta-data
118-->[:react-native-firebase_messaging] AndroidManifest.xml:40:9-42:47
119            android:name="com.google.firebase.messaging.default_notification_color"
119-->[:react-native-firebase_messaging] AndroidManifest.xml:41:13-84
120            android:resource="@color/white" />
120-->[:react-native-firebase_messaging] AndroidManifest.xml:42:13-44
121        <meta-data
121-->[:react-native-firebase_app] AndroidManifest.xml:11:9-13:36
122            android:name="app_data_collection_default_enabled"
122-->[:react-native-firebase_app] AndroidManifest.xml:12:13-63
123            android:value="true" />
123-->[:react-native-firebase_app] AndroidManifest.xml:13:13-33
124
125        <service
125-->[:react-native-firebase_app] AndroidManifest.xml:15:9-23:19
126            android:name="com.google.firebase.components.ComponentDiscoveryService"
126-->[:react-native-firebase_app] AndroidManifest.xml:16:13-84
127            android:directBootAware="true"
127-->[:react-native-firebase_app] AndroidManifest.xml:17:13-43
128            android:exported="false" >
128-->[:react-native-firebase_app] AndroidManifest.xml:18:13-37
129            <meta-data
129-->[:react-native-firebase_app] AndroidManifest.xml:20:13-22:85
130                android:name="com.google.firebase.components:io.invertase.firebase.app.ReactNativeFirebaseAppRegistrar"
130-->[:react-native-firebase_app] AndroidManifest.xml:21:17-120
131                android:value="com.google.firebase.components.ComponentRegistrar" />
131-->[:react-native-firebase_app] AndroidManifest.xml:22:17-82
132            <meta-data
132-->[com.google.firebase:firebase-firestore:24.4.1] AndroidManifest.xml:19:13-21:85
133                android:name="com.google.firebase.components:com.google.firebase.firestore.FirestoreRegistrar"
133-->[com.google.firebase:firebase-firestore:24.4.1] AndroidManifest.xml:20:17-111
134                android:value="com.google.firebase.components.ComponentRegistrar" />
134-->[com.google.firebase:firebase-firestore:24.4.1] AndroidManifest.xml:21:17-82
135            <meta-data
135-->[com.google.firebase:firebase-auth:21.1.0] AndroidManifest.xml:67:13-69:85
136                android:name="com.google.firebase.components:com.google.firebase.auth.FirebaseAuthRegistrar"
136-->[com.google.firebase:firebase-auth:21.1.0] AndroidManifest.xml:68:17-109
137                android:value="com.google.firebase.components.ComponentRegistrar" />
137-->[com.google.firebase:firebase-auth:21.1.0] AndroidManifest.xml:69:17-82
138            <meta-data
138-->[com.google.firebase:firebase-messaging:23.1.1] AndroidManifest.xml:55:13-57:85
139                android:name="com.google.firebase.components:com.google.firebase.messaging.FirebaseMessagingRegistrar"
139-->[com.google.firebase:firebase-messaging:23.1.1] AndroidManifest.xml:56:17-119
140                android:value="com.google.firebase.components.ComponentRegistrar" />
140-->[com.google.firebase:firebase-messaging:23.1.1] AndroidManifest.xml:57:17-82
141            <meta-data
141-->[com.google.firebase:firebase-storage:20.1.0] AndroidManifest.xml:32:13-34:85
142                android:name="com.google.firebase.components:com.google.firebase.storage.StorageRegistrar"
142-->[com.google.firebase:firebase-storage:20.1.0] AndroidManifest.xml:33:17-107
143                android:value="com.google.firebase.components.ComponentRegistrar" />
143-->[com.google.firebase:firebase-storage:20.1.0] AndroidManifest.xml:34:17-82
144            <meta-data
144-->[com.google.firebase:firebase-database:20.1.0] AndroidManifest.xml:31:13-33:85
145                android:name="com.google.firebase.components:com.google.firebase.database.DatabaseRegistrar"
145-->[com.google.firebase:firebase-database:20.1.0] AndroidManifest.xml:32:17-109
146                android:value="com.google.firebase.components.ComponentRegistrar" />
146-->[com.google.firebase:firebase-database:20.1.0] AndroidManifest.xml:33:17-82
147            <meta-data
147-->[com.google.firebase:firebase-datatransport:18.1.7] AndroidManifest.xml:27:13-29:85
148                android:name="com.google.firebase.components:com.google.firebase.datatransport.TransportRegistrar"
148-->[com.google.firebase:firebase-datatransport:18.1.7] AndroidManifest.xml:28:17-115
149                android:value="com.google.firebase.components.ComponentRegistrar" />
149-->[com.google.firebase:firebase-datatransport:18.1.7] AndroidManifest.xml:29:17-82
150            <meta-data
150-->[com.google.firebase:firebase-installations:17.1.0] AndroidManifest.xml:17:13-19:85
151                android:name="com.google.firebase.components:com.google.firebase.installations.FirebaseInstallationsRegistrar"
151-->[com.google.firebase:firebase-installations:17.1.0] AndroidManifest.xml:18:17-127
152                android:value="com.google.firebase.components.ComponentRegistrar" />
152-->[com.google.firebase:firebase-installations:17.1.0] AndroidManifest.xml:19:17-82
153        </service>
154
155        <provider
155-->[:react-native-firebase_app] AndroidManifest.xml:25:9-29:38
156            android:name="io.invertase.firebase.app.ReactNativeFirebaseAppInitProvider"
156-->[:react-native-firebase_app] AndroidManifest.xml:26:13-88
157            android:authorities="com.verdadomito.reactnativefirebaseappinitprovider"
157-->[:react-native-firebase_app] AndroidManifest.xml:27:13-86
158            android:exported="false"
158-->[:react-native-firebase_app] AndroidManifest.xml:28:13-37
159            android:initOrder="99" />
159-->[:react-native-firebase_app] AndroidManifest.xml:29:13-35
160
161        <activity
161-->[:react-native-auth0] AndroidManifest.xml:25:9-30:75
162            android:name="com.auth0.react.AuthenticationActivity"
162-->[:react-native-auth0] AndroidManifest.xml:26:13-66
163            android:configChanges="screenSize|smallestScreenSize|screenLayout|orientation|keyboard|keyboardHidden"
163-->[:react-native-auth0] AndroidManifest.xml:27:13-115
164            android:exported="false"
164-->[:react-native-auth0] AndroidManifest.xml:28:13-37
165            android:launchMode="singleTask"
165-->[:react-native-auth0] AndroidManifest.xml:29:13-44
166            android:theme="@android:style/Theme.Translucent.NoTitleBar" />
166-->[:react-native-auth0] AndroidManifest.xml:30:13-72
167        <activity
167-->[:react-native-auth0] AndroidManifest.xml:31:9-47:20
168            android:name="com.auth0.react.RedirectActivity"
168-->[:react-native-auth0] AndroidManifest.xml:32:13-60
169            android:exported="true" >
169-->[:react-native-auth0] AndroidManifest.xml:33:13-36
170            <intent-filter android:autoVerify="true" >
170-->[:react-native-auth0] AndroidManifest.xml:34:13-46:29
170-->[:react-native-auth0] AndroidManifest.xml:35:17-42
171                <action android:name="android.intent.action.VIEW" />
171-->src/main/AndroidManifest.xml:39:5-57
171-->src/main/AndroidManifest.xml:39:13-54
172
173                <category android:name="android.intent.category.DEFAULT" />
173-->src/main/AndroidManifest.xml:41:5-64
173-->src/main/AndroidManifest.xml:41:15-61
174                <category android:name="android.intent.category.BROWSABLE" />
174-->src/main/AndroidManifest.xml:42:5-66
174-->src/main/AndroidManifest.xml:42:15-63
175
176                <data
176-->src/main/AndroidManifest.xml:44:5-134
177                    android:host="verdadmito.us.auth0.com"
177-->src/main/AndroidManifest.xml:44:44-82
178                    android:pathPrefix="/android/com.verdadomito/callback"
179                    android:scheme="1Lr7BOV47ReRp1ulLA5VHt6scDnpnEBx" />
179-->src/main/AndroidManifest.xml:44:11-43
180            </intent-filter>
181        </activity>
182
183        <meta-data
183-->[:react-native-google-mobile-ads] AndroidManifest.xml:17:9-19:37
184            android:name="com.google.android.gms.ads.DELAY_APP_MEASUREMENT_INIT"
184-->[:react-native-google-mobile-ads] AndroidManifest.xml:18:13-81
185            android:value="false" />
185-->[:react-native-google-mobile-ads] AndroidManifest.xml:19:13-34
186        <meta-data
186-->[:react-native-google-mobile-ads] AndroidManifest.xml:20:9-22:36
187            android:name="com.google.android.gms.ads.flag.OPTIMIZE_INITIALIZATION"
187-->[:react-native-google-mobile-ads] AndroidManifest.xml:21:13-83
188            android:value="true" />
188-->[:react-native-google-mobile-ads] AndroidManifest.xml:22:13-33
189        <meta-data
189-->[:react-native-google-mobile-ads] AndroidManifest.xml:23:9-25:36
190            android:name="com.google.android.gms.ads.flag.OPTIMIZE_AD_LOADING"
190-->[:react-native-google-mobile-ads] AndroidManifest.xml:24:13-79
191            android:value="true" /> <!-- Include the AdActivity and InAppPurchaseActivity configChanges and themes. -->
191-->[:react-native-google-mobile-ads] AndroidManifest.xml:25:13-33
192        <activity
192-->[com.google.android.gms:play-services-ads-lite:21.4.0] AndroidManifest.xml:50:9-55:43
193            android:name="com.google.android.gms.ads.AdActivity"
193-->[com.google.android.gms:play-services-ads-lite:21.4.0] AndroidManifest.xml:51:13-65
194            android:configChanges="keyboard|keyboardHidden|orientation|screenLayout|uiMode|screenSize|smallestScreenSize"
194-->[com.google.android.gms:play-services-ads-lite:21.4.0] AndroidManifest.xml:52:13-122
195            android:exported="false"
195-->[com.google.android.gms:play-services-ads-lite:21.4.0] AndroidManifest.xml:53:13-37
196            android:theme="@android:style/Theme.Translucent" />
196-->[com.google.android.gms:play-services-ads-lite:21.4.0] AndroidManifest.xml:54:13-61
197
198        <provider
198-->[com.google.android.gms:play-services-ads-lite:21.4.0] AndroidManifest.xml:57:9-62:43
199            android:name="com.google.android.gms.ads.MobileAdsInitProvider"
199-->[com.google.android.gms:play-services-ads-lite:21.4.0] AndroidManifest.xml:58:13-76
200            android:authorities="com.verdadomito.mobileadsinitprovider"
200-->[com.google.android.gms:play-services-ads-lite:21.4.0] AndroidManifest.xml:59:13-73
201            android:exported="false"
201-->[com.google.android.gms:play-services-ads-lite:21.4.0] AndroidManifest.xml:60:13-37
202            android:initOrder="100" />
202-->[com.google.android.gms:play-services-ads-lite:21.4.0] AndroidManifest.xml:61:13-36
203
204        <service
204-->[com.google.android.gms:play-services-ads-lite:21.4.0] AndroidManifest.xml:64:9-68:43
205            android:name="com.google.android.gms.ads.AdService"
205-->[com.google.android.gms:play-services-ads-lite:21.4.0] AndroidManifest.xml:65:13-64
206            android:enabled="true"
206-->[com.google.android.gms:play-services-ads-lite:21.4.0] AndroidManifest.xml:66:13-35
207            android:exported="false" />
207-->[com.google.android.gms:play-services-ads-lite:21.4.0] AndroidManifest.xml:67:13-37
208
209        <activity
209-->[com.google.android.gms:play-services-ads-lite:21.4.0] AndroidManifest.xml:70:9-74:43
210            android:name="com.google.android.gms.ads.OutOfContextTestingActivity"
210-->[com.google.android.gms:play-services-ads-lite:21.4.0] AndroidManifest.xml:71:13-82
211            android:configChanges="keyboard|keyboardHidden|orientation|screenLayout|uiMode|screenSize|smallestScreenSize"
211-->[com.google.android.gms:play-services-ads-lite:21.4.0] AndroidManifest.xml:72:13-122
212            android:exported="false" />
212-->[com.google.android.gms:play-services-ads-lite:21.4.0] AndroidManifest.xml:73:13-37
213
214        <provider
214-->[androidx.work:work-runtime:2.7.0] AndroidManifest.xml:31:9-39:20
215            android:name="androidx.startup.InitializationProvider"
215-->[androidx.work:work-runtime:2.7.0] AndroidManifest.xml:32:13-67
216            android:authorities="com.verdadomito.androidx-startup"
216-->[androidx.work:work-runtime:2.7.0] AndroidManifest.xml:33:13-68
217            android:exported="false" >
217-->[androidx.work:work-runtime:2.7.0] AndroidManifest.xml:34:13-37
218            <meta-data
218-->[androidx.work:work-runtime:2.7.0] AndroidManifest.xml:36:13-38:52
219                android:name="androidx.work.WorkManagerInitializer"
219-->[androidx.work:work-runtime:2.7.0] AndroidManifest.xml:37:17-68
220                android:value="androidx.startup" />
220-->[androidx.work:work-runtime:2.7.0] AndroidManifest.xml:38:17-49
221            <meta-data
221-->[androidx.emoji2:emoji2:1.0.0] AndroidManifest.xml:31:13-33:52
222                android:name="androidx.emoji2.text.EmojiCompatInitializer"
222-->[androidx.emoji2:emoji2:1.0.0] AndroidManifest.xml:32:17-75
223                android:value="androidx.startup" />
223-->[androidx.emoji2:emoji2:1.0.0] AndroidManifest.xml:33:17-49
224            <meta-data
224-->[androidx.lifecycle:lifecycle-process:2.4.0] AndroidManifest.xml:31:13-33:52
225                android:name="androidx.lifecycle.ProcessLifecycleInitializer"
225-->[androidx.lifecycle:lifecycle-process:2.4.0] AndroidManifest.xml:32:17-78
226                android:value="androidx.startup" />
226-->[androidx.lifecycle:lifecycle-process:2.4.0] AndroidManifest.xml:33:17-49
227        </provider>
228
229        <service
229-->[androidx.work:work-runtime:2.7.0] AndroidManifest.xml:41:9-46:35
230            android:name="androidx.work.impl.background.systemalarm.SystemAlarmService"
230-->[androidx.work:work-runtime:2.7.0] AndroidManifest.xml:42:13-88
231            android:directBootAware="false"
231-->[androidx.work:work-runtime:2.7.0] AndroidManifest.xml:43:13-44
232            android:enabled="@bool/enable_system_alarm_service_default"
232-->[androidx.work:work-runtime:2.7.0] AndroidManifest.xml:44:13-72
233            android:exported="false" />
233-->[androidx.work:work-runtime:2.7.0] AndroidManifest.xml:45:13-37
234        <service
234-->[androidx.work:work-runtime:2.7.0] AndroidManifest.xml:47:9-53:35
235            android:name="androidx.work.impl.background.systemjob.SystemJobService"
235-->[androidx.work:work-runtime:2.7.0] AndroidManifest.xml:48:13-84
236            android:directBootAware="false"
236-->[androidx.work:work-runtime:2.7.0] AndroidManifest.xml:49:13-44
237            android:enabled="@bool/enable_system_job_service_default"
237-->[androidx.work:work-runtime:2.7.0] AndroidManifest.xml:50:13-70
238            android:exported="true"
238-->[androidx.work:work-runtime:2.7.0] AndroidManifest.xml:51:13-36
239            android:permission="android.permission.BIND_JOB_SERVICE" />
239-->[androidx.work:work-runtime:2.7.0] AndroidManifest.xml:52:13-69
240        <service
240-->[androidx.work:work-runtime:2.7.0] AndroidManifest.xml:54:9-59:35
241            android:name="androidx.work.impl.foreground.SystemForegroundService"
241-->[androidx.work:work-runtime:2.7.0] AndroidManifest.xml:55:13-81
242            android:directBootAware="false"
242-->[androidx.work:work-runtime:2.7.0] AndroidManifest.xml:56:13-44
243            android:enabled="@bool/enable_system_foreground_service_default"
243-->[androidx.work:work-runtime:2.7.0] AndroidManifest.xml:57:13-77
244            android:exported="false" />
244-->[androidx.work:work-runtime:2.7.0] AndroidManifest.xml:58:13-37
245
246        <receiver
246-->[androidx.work:work-runtime:2.7.0] AndroidManifest.xml:61:9-66:35
247            android:name="androidx.work.impl.utils.ForceStopRunnable$BroadcastReceiver"
247-->[androidx.work:work-runtime:2.7.0] AndroidManifest.xml:62:13-88
248            android:directBootAware="false"
248-->[androidx.work:work-runtime:2.7.0] AndroidManifest.xml:63:13-44
249            android:enabled="true"
249-->[androidx.work:work-runtime:2.7.0] AndroidManifest.xml:64:13-35
250            android:exported="false" />
250-->[androidx.work:work-runtime:2.7.0] AndroidManifest.xml:65:13-37
251        <receiver
251-->[androidx.work:work-runtime:2.7.0] AndroidManifest.xml:67:9-77:20
252            android:name="androidx.work.impl.background.systemalarm.ConstraintProxy$BatteryChargingProxy"
252-->[androidx.work:work-runtime:2.7.0] AndroidManifest.xml:68:13-106
253            android:directBootAware="false"
253-->[androidx.work:work-runtime:2.7.0] AndroidManifest.xml:69:13-44
254            android:enabled="false"
254-->[androidx.work:work-runtime:2.7.0] AndroidManifest.xml:70:13-36
255            android:exported="false" >
255-->[androidx.work:work-runtime:2.7.0] AndroidManifest.xml:71:13-37
256            <intent-filter>
256-->[androidx.work:work-runtime:2.7.0] AndroidManifest.xml:73:13-76:29
257                <action android:name="android.intent.action.ACTION_POWER_CONNECTED" />
257-->[androidx.work:work-runtime:2.7.0] AndroidManifest.xml:74:17-87
257-->[androidx.work:work-runtime:2.7.0] AndroidManifest.xml:74:25-84
258                <action android:name="android.intent.action.ACTION_POWER_DISCONNECTED" />
258-->[androidx.work:work-runtime:2.7.0] AndroidManifest.xml:75:17-90
258-->[androidx.work:work-runtime:2.7.0] AndroidManifest.xml:75:25-87
259            </intent-filter>
260        </receiver>
261        <receiver
261-->[androidx.work:work-runtime:2.7.0] AndroidManifest.xml:78:9-88:20
262            android:name="androidx.work.impl.background.systemalarm.ConstraintProxy$BatteryNotLowProxy"
262-->[androidx.work:work-runtime:2.7.0] AndroidManifest.xml:79:13-104
263            android:directBootAware="false"
263-->[androidx.work:work-runtime:2.7.0] AndroidManifest.xml:80:13-44
264            android:enabled="false"
264-->[androidx.work:work-runtime:2.7.0] AndroidManifest.xml:81:13-36
265            android:exported="false" >
265-->[androidx.work:work-runtime:2.7.0] AndroidManifest.xml:82:13-37
266            <intent-filter>
266-->[androidx.work:work-runtime:2.7.0] AndroidManifest.xml:84:13-87:29
267                <action android:name="android.intent.action.BATTERY_OKAY" />
267-->[androidx.work:work-runtime:2.7.0] AndroidManifest.xml:85:17-77
267-->[androidx.work:work-runtime:2.7.0] AndroidManifest.xml:85:25-74
268                <action android:name="android.intent.action.BATTERY_LOW" />
268-->[androidx.work:work-runtime:2.7.0] AndroidManifest.xml:86:17-76
268-->[androidx.work:work-runtime:2.7.0] AndroidManifest.xml:86:25-73
269            </intent-filter>
270        </receiver>
271        <receiver
271-->[androidx.work:work-runtime:2.7.0] AndroidManifest.xml:89:9-99:20
272            android:name="androidx.work.impl.background.systemalarm.ConstraintProxy$StorageNotLowProxy"